<?xml version="1.0" encoding="UTF-8"?>
<!-- Generated by org.testng.reporters.JUnitXMLReporter -->
<testsuite hostname="AG300617-5" name="Test" tests="8" failures="0" timestamp="8 Aug 2017 06:58:01 GMT" time="366.016" errors="0">
  <testcase name="login" time="40.17" classname="techfetch.Techfetch2"/>
  <testcase name="upload" time="43.477" classname="techfetch.Techfetch2"/>
  <testcase name="forward" time="46.241" classname="techfetch.Techfetch2"/>
  <testcase name="update" time="103.203" classname="techfetch.Techfetch2"/>
  <testcase name="fetch" time="28.213" classname="techfetch.Techfetch2"/>
  <testcase name="listing" time="39.233" classname="techfetch.Techfetch2"/>
  <testcase name="features" time="31.508" classname="techfetch.Techfetch2"/>
  <testcase name="logout" time="33.957" classname="techfetch.Techfetch2"/>
</testsuite> <!-- Test -->
