<?xml version="1.0" encoding="UTF-8"?>
<testng-results skipped="7" failed="1" total="8" passed="0">
  <reporter-output>
  </reporter-output>
  <suite name="Default suite" duration-ms="19252" started-at="2017-08-03T03:16:26Z" finished-at="2017-08-03T03:16:45Z">
    <groups>
    </groups>
    <test name="Default test" duration-ms="19252" started-at="2017-08-03T03:16:26Z" finished-at="2017-08-03T03:16:45Z">
      <class name="techfetch.Techfetch2">
        <test-method status="FAIL" signature="login()[pri:0, instance:techfetch.Techfetch2@3327bd23]" name="login" duration-ms="19221" started-at="2017-08-02T23:16:26Z" finished-at="2017-08-02T23:16:45Z">
          <exception class="org.openqa.selenium.ElementNotVisibleException">
            <message>
              <![CDATA[Cannot click on element (WARNING: The server did not provide any stacktrace information)
Command duration or timeout: 211 milliseconds
Build info: version: '3.4.0', revision: 'unknown', time: 'unknown'
System info: host: 'ADMIN-PC', ip: '192.168.0.147', os.name: 'Windows 7', os.arch: 'amd64', os.version: '6.1', java.version: '1.8.0_121'
Driver info: org.openqa.selenium.ie.InternetExplorerDriver
Capabilities [{se:ieOptions={browserAttachTimeout=0.0, ie.enableFullPageScreenshot=true, enablePersistentHover=true, ie.forceCreateProcessApi=false, ie.forceShellWindowsApi=false, ignoreZoomSetting=false, ie.fileUploadDialogTimeout=3000.0, ie.useLegacyFileUploadDialogHandling=false, nativeEvents=true, ie.ensureCleanSession=false, elementScrollBehavior=0.0, ie.browserCommandLineSwitches=, requireWindowFocus=false, initialBrowserUrl=http://localhost:22090/, ignoreProtectedModeSettings=false, enableElementCacheCleanup=true}, browserName=internet explorer, pageLoadStrategy=normal, javascriptEnabled=true, version=11, platform=WINDOWS, unexpectedAlertBehaviour=dismiss}]
Session ID: 21d275d1-6e4c-4d5e-a567-18db919121e1]]>
            </message>
            <full-stacktrace>
              <![CDATA[org.openqa.selenium.ElementNotVisibleException: Cannot click on element (WARNING: The server did not provide any stacktrace information)
Command duration or timeout: 211 milliseconds
Build info: version: '3.4.0', revision: 'unknown', time: 'unknown'
System info: host: 'ADMIN-PC', ip: '192.168.0.147', os.name: 'Windows 7', os.arch: 'amd64', os.version: '6.1', java.version: '1.8.0_121'
Driver info: org.openqa.selenium.ie.InternetExplorerDriver
Capabilities [{se:ieOptions={browserAttachTimeout=0.0, ie.enableFullPageScreenshot=true, enablePersistentHover=true, ie.forceCreateProcessApi=false, ie.forceShellWindowsApi=false, ignoreZoomSetting=false, ie.fileUploadDialogTimeout=3000.0, ie.useLegacyFileUploadDialogHandling=false, nativeEvents=true, ie.ensureCleanSession=false, elementScrollBehavior=0.0, ie.browserCommandLineSwitches=, requireWindowFocus=false, initialBrowserUrl=http://localhost:22090/, ignoreProtectedModeSettings=false, enableElementCacheCleanup=true}, browserName=internet explorer, pageLoadStrategy=normal, javascriptEnabled=true, version=11, platform=WINDOWS, unexpectedAlertBehaviour=dismiss}]
Session ID: 21d275d1-6e4c-4d5e-a567-18db919121e1
	at sun.reflect.NativeConstructorAccessorImpl.newInstance0(Native Method)
	at sun.reflect.NativeConstructorAccessorImpl.newInstance(Unknown Source)
	at sun.reflect.DelegatingConstructorAccessorImpl.newInstance(Unknown Source)
	at java.lang.reflect.Constructor.newInstance(Unknown Source)
	at org.openqa.selenium.remote.ErrorHandler.createThrowable(ErrorHandler.java:215)
	at org.openqa.selenium.remote.ErrorHandler.throwIfResponseFailed(ErrorHandler.java:167)
	at org.openqa.selenium.remote.RemoteWebDriver.execute(RemoteWebDriver.java:671)
	at org.openqa.selenium.remote.RemoteWebElement.execute(RemoteWebElement.java:272)
	at org.openqa.selenium.remote.RemoteWebElement.click(RemoteWebElement.java:82)
	at techfetch.Techfetch2.login(Techfetch2.java:56)
	at sun.reflect.NativeMethodAccessorImpl.invoke0(Native Method)
	at sun.reflect.NativeMethodAccessorImpl.invoke(Unknown Source)
	at sun.reflect.DelegatingMethodAccessorImpl.invoke(Unknown Source)
	at java.lang.reflect.Method.invoke(Unknown Source)
	at org.testng.internal.MethodInvocationHelper.invokeMethod(MethodInvocationHelper.java:80)
	at org.testng.internal.Invoker.invokeMethod(Invoker.java:714)
	at org.testng.internal.Invoker.invokeTestMethod(Invoker.java:901)
	at org.testng.internal.Invoker.invokeTestMethods(Invoker.java:1231)
	at org.testng.internal.TestMethodWorker.invokeTestMethods(TestMethodWorker.java:127)
	at org.testng.internal.TestMethodWorker.run(TestMethodWorker.java:111)
	at org.testng.TestRunner.privateRun(TestRunner.java:767)
	at org.testng.TestRunner.run(TestRunner.java:617)
	at org.testng.SuiteRunner.runTest(SuiteRunner.java:334)
	at org.testng.SuiteRunner.runSequentially(SuiteRunner.java:329)
	at org.testng.SuiteRunner.privateRun(SuiteRunner.java:291)
	at org.testng.SuiteRunner.run(SuiteRunner.java:240)
	at org.testng.SuiteRunnerWorker.runSuite(SuiteRunnerWorker.java:52)
	at org.testng.SuiteRunnerWorker.run(SuiteRunnerWorker.java:86)
	at org.testng.TestNG.runSuitesSequentially(TestNG.java:1198)
	at org.testng.TestNG.runSuitesLocally(TestNG.java:1123)
	at org.testng.TestNG.run(TestNG.java:1031)
	at org.testng.remote.AbstractRemoteTestNG.run(AbstractRemoteTestNG.java:132)
	at org.testng.remote.RemoteTestNG.initAndRun(RemoteTestNG.java:230)
	at org.testng.remote.RemoteTestNG.main(RemoteTestNG.java:76)
]]>
            </full-stacktrace>
          </exception> <!-- org.openqa.selenium.ElementNotVisibleException -->
          <reporter-output>
          </reporter-output>
        </test-method> <!-- login -->
        <test-method status="SKIP" signature="forward()[pri:0, instance:techfetch.Techfetch2@3327bd23]" name="forward" duration-ms="0" started-at="2017-08-02T23:16:45Z" depends-on-methods="techfetch.Techfetch2.upload" finished-at="2017-08-02T23:16:45Z">
          <reporter-output>
          </reporter-output>
        </test-method> <!-- forward -->
        <test-method status="SKIP" signature="logout()[pri:0, instance:techfetch.Techfetch2@3327bd23]" name="logout" duration-ms="0" started-at="2017-08-02T23:16:45Z" depends-on-methods="techfetch.Techfetch2.features" finished-at="2017-08-02T23:16:45Z">
          <reporter-output>
          </reporter-output>
        </test-method> <!-- logout -->
        <test-method status="SKIP" signature="listing()[pri:0, instance:techfetch.Techfetch2@3327bd23]" name="listing" duration-ms="0" started-at="2017-08-02T23:16:45Z" depends-on-methods="techfetch.Techfetch2.fetch" finished-at="2017-08-02T23:16:45Z">
          <reporter-output>
          </reporter-output>
        </test-method> <!-- listing -->
        <test-method status="SKIP" signature="update()[pri:0, instance:techfetch.Techfetch2@3327bd23]" name="update" duration-ms="0" started-at="2017-08-02T23:16:45Z" depends-on-methods="techfetch.Techfetch2.forward" finished-at="2017-08-02T23:16:45Z">
          <reporter-output>
          </reporter-output>
        </test-method> <!-- update -->
        <test-method status="SKIP" signature="features()[pri:0, instance:techfetch.Techfetch2@3327bd23]" name="features" duration-ms="0" started-at="2017-08-02T23:16:45Z" depends-on-methods="techfetch.Techfetch2.listing" finished-at="2017-08-02T23:16:45Z">
          <reporter-output>
          </reporter-output>
        </test-method> <!-- features -->
        <test-method status="SKIP" signature="fetch()[pri:0, instance:techfetch.Techfetch2@3327bd23]" name="fetch" duration-ms="0" started-at="2017-08-02T23:16:45Z" depends-on-methods="techfetch.Techfetch2.update" finished-at="2017-08-02T23:16:45Z">
          <reporter-output>
          </reporter-output>
        </test-method> <!-- fetch -->
        <test-method status="SKIP" signature="upload()[pri:0, instance:techfetch.Techfetch2@3327bd23]" name="upload" duration-ms="0" started-at="2017-08-02T23:16:45Z" depends-on-methods="techfetch.Techfetch2.login" finished-at="2017-08-02T23:16:45Z">
          <reporter-output>
          </reporter-output>
        </test-method> <!-- upload -->
      </class> <!-- techfetch.Techfetch2 -->
    </test> <!-- Default test -->
  </suite> <!-- Default suite -->
</testng-results>
