<?xml version="1.0" encoding="UTF-8"?>
<!-- Generated by org.testng.reporters.JUnitXMLReporter -->
<testsuite hostname="AG300617-5" name="Test" tests="1" failures="0" timestamp="7 Aug 2017 08:45:51 GMT" time="287.893" errors="0">
  <testcase name="@BeforeTest f" time="0.0" classname="finalTest.FinalTest">
    <failure type="java.lang.NullPointerException">
      <![CDATA[java.lang.NullPointerException
	at finalTest.BaseClass.logIn(BaseClass.java:86)
	at finalTest.FinalTest.f(FinalTest.java:13)
	at org.apache.maven.surefire.testng.TestNGExecutor.run(TestNGExecutor.java:283)
	at org.apache.maven.surefire.testng.TestNGXmlTestSuite.execute(TestNGXmlTestSuite.java:75)
	at org.apache.maven.surefire.testng.TestNGProvider.invoke(TestNGProvider.java:120)
	at org.apache.maven.surefire.booter.ForkedBooter.invokeProviderInSameClassLoader(ForkedBooter.java:386)
	at org.apache.maven.surefire.booter.ForkedBooter.runSuitesInProcess(ForkedBooter.java:323)
	at org.apache.maven.surefire.booter.ForkedBooter.main(ForkedBooter.java:143)
... Removed 19 stack frames]]>
    </failure>
  </testcase> <!-- @BeforeTest f -->
  <testcase name="@AfterTest h" time="0.0" classname="finalTest.FinalTest">
    <skipped/>
  </testcase> <!-- @AfterTest h -->
  <testcase name="g" time="0.0" classname="finalTest.FinalTest">
    <skipped/>
  </testcase> <!-- g -->
</testsuite> <!-- Test -->
