<?xml version="1.0" encoding="UTF-8"?>
<testng-results skipped="0" failed="0" total="1" passed="1">
  <reporter-output>
  </reporter-output>
  <suite name="Suite" duration-ms="96181" started-at="2017-08-29T11:31:57Z" finished-at="2017-08-29T11:33:33Z">
    <groups>
    </groups>
    <test name="Test" duration-ms="96181" started-at="2017-08-29T11:31:57Z" finished-at="2017-08-29T11:33:33Z">
      <class name="RecruiterLogin.calling">
        <test-method status="PASS" signature="f()[pri:0, instance:RecruiterLogin.calling@6a2bcfcb]" name="f" is-config="true" duration-ms="40028" started-at="2017-08-29T17:01:57Z" finished-at="2017-08-29T17:02:37Z">
          <reporter-output>
          </reporter-output>
        </test-method> <!-- f -->
        <test-method status="PASS" signature="g()[pri:0, instance:RecruiterLogin.calling@6a2bcfcb]" name="g" duration-ms="56147" started-at="2017-08-29T17:02:37Z" finished-at="2017-08-29T17:03:33Z">
          <reporter-output>
          </reporter-output>
        </test-method> <!-- g -->
        <test-method status="PASS" signature="h()[pri:0, instance:RecruiterLogin.calling@6a2bcfcb]" name="h" is-config="true" duration-ms="0" started-at="2017-08-29T17:03:33Z" finished-at="2017-08-29T17:03:33Z">
          <reporter-output>
          </reporter-output>
        </test-method> <!-- h -->
      </class> <!-- RecruiterLogin.calling -->
    </test> <!-- Test -->
  </suite> <!-- Suite -->
</testng-results>
