<?xml version="1.0" encoding="UTF-8"?>
<testng-results skipped="0" failed="0" total="1" passed="1">
  <reporter-output>
  </reporter-output>
  <suite name="Default suite" duration-ms="138247" started-at="2017-08-28T07:07:27Z" finished-at="2017-08-28T07:09:45Z">
    <groups>
    </groups>
    <test name="Default test" duration-ms="138247" started-at="2017-08-28T07:07:27Z" finished-at="2017-08-28T07:09:45Z">
      <class name="RecruiterLogin.calling">
        <test-method status="PASS" signature="f()[pri:0, instance:RecruiterLogin.calling@192b07fd]" name="f" is-config="true" duration-ms="69388" started-at="2017-08-28T12:37:27Z" finished-at="2017-08-28T12:38:36Z">
          <reporter-output>
          </reporter-output>
        </test-method> <!-- f -->
        <test-method status="PASS" signature="g()[pri:0, instance:RecruiterLogin.calling@192b07fd]" name="g" duration-ms="68845" started-at="2017-08-28T12:38:36Z" finished-at="2017-08-28T12:39:45Z">
          <reporter-output>
          </reporter-output>
        </test-method> <!-- g -->
        <test-method status="PASS" signature="h()[pri:0, instance:RecruiterLogin.calling@192b07fd]" name="h" is-config="true" duration-ms="0" started-at="2017-08-28T12:39:45Z" finished-at="2017-08-28T12:39:45Z">
          <reporter-output>
          </reporter-output>
        </test-method> <!-- h -->
      </class> <!-- RecruiterLogin.calling -->
    </test> <!-- Default test -->
  </suite> <!-- Default suite -->
</testng-results>
