<?xml version="1.0" encoding="UTF-8"?>
<!-- Generated by org.testng.reporters.JUnitXMLReporter -->
<testsuite hostname="admin-PC" name="Test" tests="8" failures="1" timestamp="29 Jul 2017 10:09:35 GMT" time="122.384" errors="0">
  <testcase name="login" time="34.915" classname="techfetch.Techfetch2"/>
  <testcase name="upload" time="38.226" classname="techfetch.Techfetch2"/>
  <testcase name="forward" time="43.408" classname="techfetch.Techfetch2"/>
  <testcase name="update" time="5.769" classname="techfetch.Techfetch2">
    <failure type="java.lang.NullPointerException">
      <![CDATA[java.lang.NullPointerException
	at org.openqa.selenium.remote.RemoteWebDriver.findElements(RemoteWebDriver.java:446)
	at org.openqa.selenium.remote.RemoteWebDriver.findElementsByCssSelector(RemoteWebDriver.java:505)
	at org.openqa.selenium.By$ByCssSelector.findElements(By.java:441)
	at org.openqa.selenium.remote.RemoteWebDriver.findElements(RemoteWebDriver.java:398)
	at org.openqa.selenium.remote.RemoteWebDriver$RemoteTargetLocator.frame(RemoteWebDriver.java:966)
	at techfetch.Techfetch2.update(Techfetch2.java:193)
... Removed 24 stack frames]]>
    </failure>
  </testcase> <!-- update -->
  <testcase name="fetch" time="0.0" classname="techfetch.Techfetch2">
    <skipped/>
  </testcase> <!-- fetch -->
  <testcase name="listing" time="0.0" classname="techfetch.Techfetch2">
    <skipped/>
  </testcase> <!-- listing -->
  <testcase name="features" time="0.0" classname="techfetch.Techfetch2">
    <skipped/>
  </testcase> <!-- features -->
  <testcase name="logout" time="0.001" classname="techfetch.Techfetch2">
    <skipped/>
  </testcase> <!-- logout -->
</testsuite> <!-- Test -->
